0 info it worked if it ends with ok
1 verbose cli [ '/Users/satendra.sahu/code/streamline/webservice/target/node/node',
1 verbose cli   '/Users/satendra.sahu/code/streamline/webservice/target/node/node_modules/npm/bin/npm-cli.js',
1 verbose cli   'run-script',
1 verbose cli   'build' ]
2 info using npm@3.6.0
3 info using node@v5.7.0
4 verbose run-script [ 'prebuild', 'build', 'postbuild' ]
5 info lifecycle streamline@0.0.1~prebuild: streamline@0.0.1
6 silly lifecycle streamline@0.0.1~prebuild: no script for prebuild, continuing
7 info lifecycle streamline@0.0.1~build: streamline@0.0.1
8 verbose lifecycle streamline@0.0.1~build: unsafe-perm in lifecycle true
9 verbose lifecycle streamline@0.0.1~build: PATH: /Users/satendra.sahu/code/streamline/webservice/target/node/node_modules/npm/bin/node-gyp-bin:/Users/satendra.sahu/code/streamline/webservice/src/main/resources/node_modules/.bin:/Users/satendra.sahu/code/streamline/webservice/target/node:/Users/satendra.sahu/Library/Python/2.7/bin/:/Library/Frameworks/Python.framework/Versions/3.5/bin:/usr/local/bin:/usr/bin:/bin:/usr/sbin:/sbin:/usr/local/Cellar/mysql/5.7.19/bin:
10 verbose lifecycle streamline@0.0.1~build: CWD: /Users/satendra.sahu/code/streamline/webservice/src/main/resources
11 silly lifecycle streamline@0.0.1~build: Args: [ '-c',
11 silly lifecycle   'webpack --config ./config/webpack.config.production.js --progress --bail' ]
12 silly lifecycle streamline@0.0.1~build: Returned: code: 2  signal: null
13 info lifecycle streamline@0.0.1~build: Failed to exec build script
14 verbose stack Error: streamline@0.0.1 build: `webpack --config ./config/webpack.config.production.js --progress --bail`
14 verbose stack Exit status 2
14 verbose stack     at EventEmitter.<anonymous> (/Users/satendra.sahu/code/streamline/webservice/target/node/node_modules/npm/lib/utils/lifecycle.js:232:16)
14 verbose stack     at emitTwo (events.js:100:13)
14 verbose stack     at EventEmitter.emit (events.js:185:7)
14 verbose stack     at ChildProcess.<anonymous> (/Users/satendra.sahu/code/streamline/webservice/target/node/node_modules/npm/lib/utils/spawn.js:24:14)
14 verbose stack     at emitTwo (events.js:100:13)
14 verbose stack     at ChildProcess.emit (events.js:185:7)
14 verbose stack     at maybeClose (internal/child_process.js:827:16)
14 verbose stack     at Process.ChildProcess._handle.onexit (internal/child_process.js:211:5)
15 verbose pkgid streamline@0.0.1
16 verbose cwd /Users/satendra.sahu/code/streamline/webservice/src/main/resources
17 error Darwin 18.2.0
18 error argv "/Users/satendra.sahu/code/streamline/webservice/target/node/node" "/Users/satendra.sahu/code/streamline/webservice/target/node/node_modules/npm/bin/npm-cli.js" "run-script" "build"
19 error node v5.7.0
20 error npm  v3.6.0
21 error code ELIFECYCLE
22 error streamline@0.0.1 build: `webpack --config ./config/webpack.config.production.js --progress --bail`
22 error Exit status 2
23 error Failed at the streamline@0.0.1 build script 'webpack --config ./config/webpack.config.production.js --progress --bail'.
23 error Make sure you have the latest version of node.js and npm installed.
23 error If you do, this is most likely a problem with the streamline package,
23 error not with npm itself.
23 error Tell the author that this fails on your system:
23 error     webpack --config ./config/webpack.config.production.js --progress --bail
23 error You can get information on how to open an issue for this project with:
23 error     npm bugs streamline
23 error Or if that isn't available, you can get their info via:
23 error     npm owner ls streamline
23 error There is likely additional logging output above.
24 verbose exit [ 1, true ]
